20:39:59,069 INFO  [org.jboss.as.mail.extension] (MSC service thread 1-1) JBAS015400: Bound mail session [java:jboss/mail/Default]
20:39:59,116 INFO  [org.jboss.as.security] (MSC service thread 1-1) JBAS013100: Current PicketBox version=4.0.7.Final
20:39:59,748 INFO  [org.jboss.as.webservices] (ServerService Thread Pool -- 31) JBAS015537: Activating WebServices Extension
20:39:59,851 INFO  [org.jboss.jaxr] (MSC service thread 1-7) JBAS014000: Started JAXR subsystem, binding JAXR connection factory into JNDI as: java:jboss/jaxr/ConnectionFactory
20:39:59,876 INFO  [org.jboss.ws.common.management.AbstractServerConfig] (MSC service thread 1-4) JBoss Web Services - Stack CXF Server 4.0.2.GA
17:03:32,381 INFO  [org.jboss.as.security] (ServerService Thread Pool -- 35) JBAS013101: Activating Security Subsystem
17:03:32,384 INFO  [org.jboss.as.webservices] (ServerService Thread Pool -- 31) JBAS015537: Activating WebServices Extension
17:03:32,396 INFO  [org.jboss.as.security] (MSC service thread 1-2) JBAS013100: Current PicketBox version=4.0.7.Final
17:03:32,402 INFO  [org.jboss.as.jacorb] (ServerService Thread Pool -- 51) JBAS016300: Activating JacORB Subsystem
17:03:32,420 INFO  [org.jboss.as.osgi] (ServerService Thread Pool -- 40) JBAS011940: Activating OSGi Subsystem
17:03:32,423 INFO  [org.jboss.as.naming] (ServerService Thread Pool -- 41) JBAS011800: Activating Naming Subsystem
17:03:32,439 INFO  [org.jboss.as.configadmin] (ServerService Thread Pool -- 56) JBAS016200: Activating ConfigAdmin Subsystem
17:03:32,479 INFO  [org.jboss.as.clustering.infinispan] (ServerService Thread Pool -- 52) JBAS010280: Activating Infinispan subsystem.
17:03:32,652 INFO  [org.jboss.as.connector.subsystems.datasources] (ServerService Thread Pool -- 55) JBAS010403: Deploying JDBC-compliant driver class org.h2.Driver (version 1.3)
17:03:32,973 INFO  [org.jboss.as.naming] (MSC service thread 1-4) JBAS011802: Starting Naming Service
17:03:33,049 INFO  [org.jboss.jaxr] (MSC service thread 1-4) JBAS014000: Started JAXR subsystem, binding JAXR connection factory into JNDI as: java:jboss/jaxr/ConnectionFactory
17:03:33,053 INFO  [org.jboss.as.mail.extension] (MSC service thread 1-4) JBAS015400: Bound mail session [java:jboss/mail/Default]
17:03:33,053 INFO  [org.jboss.as.connector] (MSC service thread 1-4) JBAS010408: Starting JCA Subsystem (JBoss IronJacamar 1.0.9.Final)
17:03:54,471 INFO  [org.jboss.ws.common.management.AbstractServerConfig] (MSC service thread 1-2) JBoss Web Services - Stack CXF Server 4.0.2.GA
17:04:18,449 INFO  [org.apache.coyote.http11.Http11Protocol] (MSC service thread 1-7) Starting Coyote HTTP/1.1 on http--127.0.0.1-8230
17:04:19,006 INFO  [org.jboss.as.connector.subsystems.datasources] (MSC service thread 1-2) JBAS010400: Bound data source [java:jboss/datasources/ExampleDS]
17:04:19,650 WARN  [jacorb.codeset] (MSC service thread 1-3) Warning - unknown codeset (Cp1252) - defaulting to ISO-8859-1
17:04:19,769 INFO  [org.jboss.as.jacorb] (MSC service thread 1-3) JBAS016330: CORBA ORB Service started
17:04:21,788 INFO  [org.jboss.as.jacorb] (MSC service thread 1-6) JBAS016328: CORBA Naming Service started
17:07:36,902 INFO  [org.apache.coyote.http11.Http11Protocol] (MSC service thread 1-3) Pausing Coyote HTTP/1.1 on http--127.0.0.1-8230
