17:09:46,475 INFO  [org.jboss.modules] (main) JBoss Modules version 1.1.1.GA
17:09:46,561 INFO  [org.jboss.msc] (main) JBoss MSC version 1.0.2.GA
17:09:46,601 INFO  [org.jboss.as] (MSC service thread 1-3) JBAS015899: JBoss AS 7.1.1.Final "Brontes" starting
17:09:46,847 INFO  [org.xnio] (MSC service thread 1-2) XNIO Version 3.0.3.GA
17:09:46,871 INFO  [org.xnio.nio] (MSC service thread 1-2) XNIO NIO Implementation Version 3.0.3.GA
17:09:46,877 INFO  [org.jboss.remoting] (MSC service thread 1-2) JBoss Remoting version 3.2.3.GA
17:09:47,701 INFO  [org.jboss.as] (Controller Boot Thread) JBAS010902: Creating http management service using network interface (management) port (9990) securePort (-1)
17:09:47,730 INFO  [org.jboss.as.remoting] (MSC service thread 1-3) JBAS017100: Listening on /127.0.0.1:9999
17:09:47,840 INFO  [org.jboss.as.host.controller] (Controller Boot Thread) JBAS010922: Starting server server-one
17:09:47,848 INFO  [org.jboss.as.host.controller] (Controller Boot Thread) JBAS010922: Starting server server-two
17:09:47,875 INFO  [org.jboss.as] (Controller Boot Thread) JBAS015951: Admin console listening on http://127.0.0.1:9990
17:09:47,877 INFO  [org.jboss.as] (Controller Boot Thread) JBAS015874: JBoss AS 7.1.1.Final "Brontes" (Host Controller) started in 1614ms - Started 11 of 11 services (0 services are passive or on-demand)
17:09:49,493 INFO  [org.jboss.as.domain.controller.mgmt] (proxy-threads - 1) JBAS010920: Server [Server:server-one] registered using connection [Channel ID 13befdc2 (inbound) of Remoting connection 4e2c0df3 to /127.0.0.1:49952]
17:09:49,493 INFO  [org.jboss.as.domain.controller.mgmt] (proxy-threads - 2) JBAS010920: Server [Server:server-two] registered using connection [Channel ID 5bd38f0a (inbound) of Remoting connection 4bc71795 to /127.0.0.1:49953]
17:09:49,514 INFO  [org.jboss.as.host.controller] (proxy-threads - 2) JBAS010919: Registering server server-one
17:09:49,514 INFO  [org.jboss.as.host.controller] (proxy-threads - 1) JBAS010919: Registering server server-two
17:10:27,894 ERROR [org.jboss.remoting.remote.connection] (Remoting "master:MANAGEMENT" read-1) JBREM000200: Remote connection failed: java.io.IOException: An existing connection was forcibly closed by the remote host
17:10:27,900 INFO  [org.jboss.as.host.controller] (Remoting "master:MANAGEMENT" task-2) JBAS010926: Unregistering server server-two
17:10:27,902 INFO  [org.jboss.as.host.controller] (ProcessControllerConnection-thread - 2) respawning server: server-two
17:10:27,904 ERROR [org.jboss.remoting.remote.connection] (Remoting "master:MANAGEMENT" read-1) JBREM000200: Remote connection failed: java.io.IOException: An existing connection was forcibly closed by the remote host
17:10:27,906 INFO  [org.jboss.as.host.controller] (Remoting "master:MANAGEMENT" task-3) JBAS010926: Unregistering server server-one
