18:29:06,295 INFO  [org.jboss.modules] JBoss Modules version 1.1.1.GA
18:29:06,446 INFO  [org.jboss.msc] JBoss MSC version 1.0.2.GA
18:29:06,487 INFO  [org.jboss.as] JBAS015899: JBoss AS 7.1.1.Final "Brontes" starting
18:29:06,488 DEBUG [org.jboss.as.config] Configured system properties:
	awt.toolkit = sun.awt.windows.WToolkit
	file.encoding = Cp1252
	file.encoding.pkg = sun.io
	file.separator = \
	java.awt.graphicsenv = sun.awt.Win32GraphicsEnvironment
	java.awt.printerjob = sun.awt.windows.WPrinterJob
	java.class.path = F:\eclipse_workspace_4.4\javaee-jbossas711-snippets\server\jboss-as-7.1.1.Final\jboss-modules.jar
	java.class.version = 52.0
	java.endorsed.dirs = C:\jdk\jdk1.8.0_45\jre\lib\endorsed
	java.ext.dirs = C:\jdk\jdk1.8.0_45\jre\lib\ext;C:\Windows\Sun\Java\lib\ext
	java.home = C:\jdk\jdk1.8.0_45\jre
	java.io.tmpdir = C:\Users\cyrus\AppData\Local\Temp\
	java.library.path = C:\jdk\jdk1.8.0_45\jre\bin;C:\Windows\Sun\Java\bin;C:\Windows\system32;C:\Windows;C:\ProgramData\Oracle\Java\javapath;C:\Windows\system32;C:\Windows;C:\Windows\System32\Wbem;C:\Windows\System32\WindowsPowerShell\v1.0\;C:\Program Files\Intel\DMIX;C:\maven\apache-maven-3.2.5\bin;;.
	java.net.preferIPv4Stack = true
	java.runtime.name = Java(TM) SE Runtime Environment
	java.runtime.version = 1.8.0_45-b14
	java.specification.name = Java Platform API Specification
	java.specification.vendor = Oracle Corporation
	java.specification.version = 1.8
	java.util.logging.manager = org.jboss.logmanager.LogManager
	java.vendor = Oracle Corporation
	java.vendor.url = http://java.oracle.com/
	java.vendor.url.bug = http://bugreport.sun.com/bugreport/
	java.version = 1.8.0_45
	java.vm.info = mixed mode
	java.vm.name = Java HotSpot(TM) 64-Bit Server VM
	java.vm.specification.name = Java Virtual Machine Specification
	java.vm.specification.vendor = Oracle Corporation
	java.vm.specification.version = 1.8
	java.vm.vendor = Oracle Corporation
	java.vm.version = 25.45-b02
	javax.management.builder.initial = org.jboss.as.jmx.PluggableMBeanServerBuilder
	javax.xml.datatype.DatatypeFactory = __redirected.__DatatypeFactory
	javax.xml.parsers.DocumentBuilderFactory = __redirected.__DocumentBuilderFactory
	javax.xml.parsers.SAXParserFactory = __redirected.__SAXParserFactory
	javax.xml.stream.XMLEventFactory = __redirected.__XMLEventFactory
	javax.xml.stream.XMLInputFactory = __redirected.__XMLInputFactory
	javax.xml.stream.XMLOutputFactory = __redirected.__XMLOutputFactory
	javax.xml.transform.TransformerFactory = __redirected.__TransformerFactory
	javax.xml.validation.SchemaFactory:http://www.w3.org/2001/XMLSchema = __redirected.__SchemaFactory
	javax.xml.xpath.XPathFactory:http://java.sun.com/jaxp/xpath/dom = __redirected.__XPathFactory
	jboss.bundles.dir = F:\eclipse_workspace_4.4\javaee-jbossas711-snippets\server\jboss-as-7.1.1.Final\bundles
	jboss.home.dir = F:\eclipse_workspace_4.4\javaee-jbossas711-snippets\server\jboss-as-7.1.1.Final
	jboss.host.name = i3300
	jboss.modules.dir = F:\eclipse_workspace_4.4\javaee-jbossas711-snippets\server\jboss-as-7.1.1.Final\modules
	jboss.node.name = i3300
	jboss.qualified.host.name = i3300
	jboss.server.base.dir = F:\eclipse_workspace_4.4\javaee-jbossas711-snippets\server\jboss-as-7.1.1.Final\standalone
	jboss.server.config.dir = F:\eclipse_workspace_4.4\javaee-jbossas711-snippets\server\jboss-as-7.1.1.Final\standalone\configuration
	jboss.server.data.dir = F:\eclipse_workspace_4.4\javaee-jbossas711-snippets\server\jboss-as-7.1.1.Final\standalone\data
	jboss.server.deploy.dir = F:\eclipse_workspace_4.4\javaee-jbossas711-snippets\server\jboss-as-7.1.1.Final\standalone\data\content
	jboss.server.log.dir = F:\eclipse_workspace_4.4\javaee-jbossas711-snippets\server\jboss-as-7.1.1.Final\standalone\log
	jboss.server.name = i3300
	jboss.server.temp.dir = F:\eclipse_workspace_4.4\javaee-jbossas711-snippets\server\jboss-as-7.1.1.Final\standalone\tmp
	line.separator = 

	logging.configuration = file:F:\eclipse_workspace_4.4\javaee-jbossas711-snippets\server\jboss-as-7.1.1.Final\standalone\configuration\logging.properties
	module.path = F:\eclipse_workspace_4.4\javaee-jbossas711-snippets\server\jboss-as-7.1.1.Final\modules
	org.jboss.boot.log.file = F:\eclipse_workspace_4.4\javaee-jbossas711-snippets\server\jboss-as-7.1.1.Final\standalone\log\boot.log
	org.jboss.resolver.warning = true
	org.xml.sax.driver = __redirected.__XMLReaderFactory
	os.arch = amd64
	os.name = Windows 7
	os.version = 6.1
	path.separator = ;
	sun.arch.data.model = 64
	sun.boot.class.path = C:\jdk\jdk1.8.0_45\jre\lib\resources.jar;C:\jdk\jdk1.8.0_45\jre\lib\rt.jar;C:\jdk\jdk1.8.0_45\jre\lib\sunrsasign.jar;C:\jdk\jdk1.8.0_45\jre\lib\jsse.jar;C:\jdk\jdk1.8.0_45\jre\lib\jce.jar;C:\jdk\jdk1.8.0_45\jre\lib\charsets.jar;C:\jdk\jdk1.8.0_45\jre\lib\jfr.jar;C:\jdk\jdk1.8.0_45\jre\classes
	sun.boot.library.path = C:\jdk\jdk1.8.0_45\jre\bin
	sun.cpu.endian = little
	sun.cpu.isalist = amd64
	sun.desktop = windows
	sun.io.unicode.encoding = UnicodeLittle
	sun.java.command = F:\eclipse_workspace_4.4\javaee-jbossas711-snippets\server\jboss-as-7.1.1.Final\jboss-modules.jar -mp F:\eclipse_workspace_4.4\javaee-jbossas711-snippets\server\jboss-as-7.1.1.Final\modules -jaxpmodule javax.xml.jaxp-provider org.jboss.as.standalone
	sun.java.launcher = SUN_STANDARD
	sun.jnu.encoding = Cp1252
	sun.management.compiler = HotSpot 64-Bit Tiered Compilers
	sun.os.patch.level = Service Pack 1
	sun.rmi.dgc.client.gcInterval = 3600000
	sun.rmi.dgc.server.gcInterval = 3600000
	user.country = US
	user.dir = F:\eclipse_workspace_4.4\javaee-jbossas711-snippets
	user.home = C:\Users\cyrus
	user.language = en
	user.name = cyrus
	user.script = 
	user.timezone = Asia/Shanghai
	user.variant = 
18:29:06,498 DEBUG [org.jboss.as.config] VM Arguments: -Xms64m -Xmx512m -XX:MaxPermSize=256m -Djava.net.preferIPv4Stack=true -Dorg.jboss.resolver.warning=true -Dsun.rmi.dgc.client.gcInterval=3600000 -Dsun.rmi.dgc.server.gcInterval=3600000 -Djboss.home.dir=F:\eclipse_workspace_4.4\javaee-jbossas711-snippets\server\jboss-as-7.1.1.Final -Dorg.jboss.boot.log.file=F:\eclipse_workspace_4.4\javaee-jbossas711-snippets\server\jboss-as-7.1.1.Final\standalone\log\boot.log -Dlogging.configuration=file:F:\eclipse_workspace_4.4\javaee-jbossas711-snippets\server\jboss-as-7.1.1.Final\standalone\configuration\logging.properties -Djboss.bundles.dir=F:\eclipse_workspace_4.4\javaee-jbossas711-snippets\server\jboss-as-7.1.1.Final\bundles 
18:29:09,130 INFO  [org.jboss.as] JBAS015950: JBoss AS 7.1.1.Final "Brontes" stopped in 3ms
